<?xml version="1.0" encoding="UTF-8"?>
<!-- Generated by org.testng.reporters.JUnitReportReporter -->
<testsuite hostname="TYSS-Sagana" failures="0" tests="1" name="com.appium.demo.GesturesHandling" time="36.006" errors="0" timestamp="2023-08-14T17:31:20 IST" skipped="0">
  <testcase classname="com.appium.demo.GesturesHandling" name="swipeScenario" time="36.006"/>
  <system-out/>
</testsuite> <!-- com.appium.demo.GesturesHandling -->
