<?xml version="1.0" encoding="UTF-8"?>
<!-- Generated by org.testng.reporters.JUnitReportReporter -->
<testsuite hostname="TYSS-Sagana" failures="0" tests="1" name="com.appium.demo.OpenCalculator" time="16.827" errors="0" timestamp="2023-08-11T09:35:39 IST" skipped="0">
  <testcase classname="com.appium.demo.OpenCalculator" name="OpenCalculatorApp" time="16.827"/>
  <system-out/>
</testsuite> <!-- com.appium.demo.OpenCalculator -->
