<?xml version="1.0" encoding="UTF-8"?>
<!-- Generated by org.testng.reporters.JUnitReportReporter -->
<testsuite hostname="TYSS-Sagana" failures="0" tests="1" name="com.appium.testcases.TestCase04_P_B" time="46.152" errors="0" timestamp="2023-08-18T10:44:40 IST" skipped="0">
  <testcase classname="com.appium.testcases.TestCase04_P_B" name="TestCase3" time="46.152"/>
  <system-out/>
</testsuite> <!-- com.appium.testcases.TestCase04_P_B -->
