<?xml version="1.0" encoding="UTF-8"?>
<!-- Generated by org.testng.reporters.JUnitReportReporter -->
<testsuite hostname="TYSS-Sagana" failures="0" tests="1" name="com.appium.testcases.TestCase03_P" time="66.069" errors="0" timestamp="2023-08-17T11:55:40 IST" skipped="0">
  <testcase classname="com.appium.testcases.TestCase03_P" name="TestCase3" time="66.069"/>
  <system-out/>
</testsuite> <!-- com.appium.testcases.TestCase03_P -->
