<?xml version="1.0" encoding="UTF-8"?>
<!-- Generated by org.testng.reporters.JUnitReportReporter -->
<testsuite hostname="TYSS-Sagana" failures="0" tests="1" name="com.appium.testcases.TestCase01" time="50.382" errors="0" timestamp="2023-08-17T09:59:43 IST" skipped="0">
  <testcase classname="com.appium.testcases.TestCase01" name="TestCase1" time="50.382"/>
  <system-out/>
</testsuite> <!-- com.appium.testcases.TestCase01 -->
