<?xml version="1.0" encoding="UTF-8"?>
<!-- Generated by org.testng.reporters.JUnitReportReporter -->
<testsuite hostname="TYSS-Sagana" failures="0" tests="1" name="com.appium.demo.OpenApiDemos" time="22.316" errors="1" timestamp="2023-08-11T16:26:59 IST" skipped="0">
  <testcase classname="com.appium.demo.OpenApiDemos" name="OpenAjioAppInRealme" time="22.316">
    <error message="Could not start a new session. Response code 500. Message: An unknown server-side error occurred while processing the command. Original error: Cannot start the &#039;com.ril.ajio&#039; application. Consider checking the driver&#039;s troubleshooting documentation. Original error: Error executing adbExec. Original error: &#039;Command &#039;C:\\Users\\user\\AppData\\Local\\Android\\Sdk\\platform-tools\\adb.exe -P 5037 -s 2b9bfa58 shell am start -W -n com.ril.ajio/com.ril.ajio.home.AjioHomeActivity -S -a android.intent.action.MAIN -c android.intent.category.LAUNCHER -f 0x10200000&#039; exited with code 255&#039;; Command output: 
Exception occurred while executing &#039;start&#039;:
java.lang.SecurityException: Permission Denial: starting Intent { act=android.intent.action.MAIN cat=[android.intent.category.LAUNCHER] flg=0x10200000 cmp=com.ril.ajio/.home.AjioHomeActivity mCallingUid=2000 } from null (pid=9627, uid=2000) not exported from uid 10273
	at com.android.server.wm.ActivityStackSupervisor.checkStartAnyActivityPermission(ActivityStackSupervisor.java:1185)
	at com.android.server.wm.ActivityStarter.executeRequest(ActivityStarter.java:1299)
	at com.android.server.wm.ActivityStarter.execute(ActivityStarter.java:821)
	at com.android.server.wm.ActivityTaskManagerService.startActivityAndWait(ActivityTaskManagerService.java:1474)
	at com.android.server.am.ActivityManagerService.startActivityAndWait(ActivityManagerService.java:4024)
	at com.android.server.am.ActivityManagerShellCommand.runStartActivity(ActivityManagerShellCommand.java:539)
	at com.android.server.am.ActivityManagerShellCommand.onCommand(ActivityManagerShellCommand.java:186)
	at android.os.BasicShellCommandHandler.exec(BasicShellCommandHandler.java:98)
	at android.os.ShellCommand.exec(ShellCommand.java:44)
	at com.android.server.am.ActivityManagerService.onShellCommand(ActivityManagerService.java:11471)
	at android.os.Binder.shellCommand(Binder.java:936)
	at android.os.Binder.onTransact(Binder.java:820)
	at android.app.IActivityManager$Stub.onTransact(IActivityManager.java:5220)
	at com.android.server.am.ActivityManagerService.onTransact(ActivityManagerService.java:3155)
	at com.android.server.am.OppoActivityManagerService.onTransact(OppoActivityManagerService.java:169)
	at android.os.Binder.execTransactInternal(Binder.java:1166)
	at android.os.Binder.execTransact(Binder.java:1130)
 
Host info: host: &#039;TYSS-SAGANA&#039;, ip: &#039;10.10.21.74&#039;
Build info: version: &#039;4.11.0&#039;, revision: &#039;040bc5406b&#039;
System info: os.name: &#039;Windows 10&#039;, os.arch: &#039;amd64&#039;, os.version: &#039;10.0&#039;, java.version: &#039;17.0.6&#039;
Driver info: io.appium.java_client.android.AndroidDriver
Command: [null, newSession {capabilities=[{appium:appActivity=com.ril.ajio.home.AjioHomeActivity, appium:appPackage=com.ril.ajio, appium:autoAcceptAlerts=true, appium:autoGrantPermissions=true, appium:automationName=UiAutomator2, appium:deviceName=Realme, appium:disableWindowAnimation=true, appium:ignoreHiddenApiPolicyError=true, appium:noReset=true, platformName=ANDROID, appium:udid=2b9bfa58}], desiredCapabilities=Capabilities {appActivity: com.ril.ajio.home.AjioHomeA..., appPackage: com.ril.ajio, autoAcceptAlerts: true, autoGrantPermissions: true, automationName: UiAutomator2, deviceName: Realme, disableWindowAnimation: true, ignoreHiddenApiPolicyError: true, noReset: true, platformName: ANDROID, udid: 2b9bfa58}}]
Capabilities {appActivity: com.ril.ajio.home.AjioHomeA..., appPackage: com.ril.ajio, autoAcceptAlerts: true, autoGrantPermissions: true, automationName: UiAutomator2, deviceName: Realme, disableWindowAnimation: true, ignoreHiddenApiPolicyError: true, noReset: true, platformName: ANDROID, udid: 2b9bfa58}" type="org.openqa.selenium.SessionNotCreatedException">
      <![CDATA[org.openqa.selenium.SessionNotCreatedException: Could not start a new session. Response code 500. Message: An unknown server-side error occurred while processing the command. Original error: Cannot start the 'com.ril.ajio' application. Consider checking the driver's troubleshooting documentation. Original error: Error executing adbExec. Original error: 'Command 'C:\\Users\\user\\AppData\\Local\\Android\\Sdk\\platform-tools\\adb.exe -P 5037 -s 2b9bfa58 shell am start -W -n com.ril.ajio/com.ril.ajio.home.AjioHomeActivity -S -a android.intent.action.MAIN -c android.intent.category.LAUNCHER -f 0x10200000' exited with code 255'; Command output: 
Exception occurred while executing 'start':
java.lang.SecurityException: Permission Denial: starting Intent { act=android.intent.action.MAIN cat=[android.intent.category.LAUNCHER] flg=0x10200000 cmp=com.ril.ajio/.home.AjioHomeActivity mCallingUid=2000 } from null (pid=9627, uid=2000) not exported from uid 10273
at com.android.server.wm.ActivityStackSupervisor.checkStartAnyActivityPermission(ActivityStackSupervisor.java:1185)
at com.android.server.wm.ActivityStarter.executeRequest(ActivityStarter.java:1299)
at com.android.server.wm.ActivityStarter.execute(ActivityStarter.java:821)
at com.android.server.wm.ActivityTaskManagerService.startActivityAndWait(ActivityTaskManagerService.java:1474)
at com.android.server.am.ActivityManagerService.startActivityAndWait(ActivityManagerService.java:4024)
at com.android.server.am.ActivityManagerShellCommand.runStartActivity(ActivityManagerShellCommand.java:539)
at com.android.server.am.ActivityManagerShellCommand.onCommand(ActivityManagerShellCommand.java:186)
at android.os.BasicShellCommandHandler.exec(BasicShellCommandHandler.java:98)
at android.os.ShellCommand.exec(ShellCommand.java:44)
at com.android.server.am.ActivityManagerService.onShellCommand(ActivityManagerService.java:11471)
at android.os.Binder.shellCommand(Binder.java:936)
at android.os.Binder.onTransact(Binder.java:820)
at android.app.IActivityManager$Stub.onTransact(IActivityManager.java:5220)
at com.android.server.am.ActivityManagerService.onTransact(ActivityManagerService.java:3155)
at com.android.server.am.OppoActivityManagerService.onTransact(OppoActivityManagerService.java:169)
at android.os.Binder.execTransactInternal(Binder.java:1166)
at android.os.Binder.execTransact(Binder.java:1130)
 
Host info: host: 'TYSS-SAGANA', ip: '10.10.21.74'
Build info: version: '4.11.0', revision: '040bc5406b'
System info: os.name: 'Windows 10', os.arch: 'amd64', os.version: '10.0', java.version: '17.0.6'
Driver info: io.appium.java_client.android.AndroidDriver
Command: [null, newSession {capabilities=[{appium:appActivity=com.ril.ajio.home.AjioHomeActivity, appium:appPackage=com.ril.ajio, appium:autoAcceptAlerts=true, appium:autoGrantPermissions=true, appium:automationName=UiAutomator2, appium:deviceName=Realme, appium:disableWindowAnimation=true, appium:ignoreHiddenApiPolicyError=true, appium:noReset=true, platformName=ANDROID, appium:udid=2b9bfa58}], desiredCapabilities=Capabilities {appActivity: com.ril.ajio.home.AjioHomeA..., appPackage: com.ril.ajio, autoAcceptAlerts: true, autoGrantPermissions: true, automationName: UiAutomator2, deviceName: Realme, disableWindowAnimation: true, ignoreHiddenApiPolicyError: true, noReset: true, platformName: ANDROID, udid: 2b9bfa58}}]
Capabilities {appActivity: com.ril.ajio.home.AjioHomeA..., appPackage: com.ril.ajio, autoAcceptAlerts: true, autoGrantPermissions: true, automationName: UiAutomator2, deviceName: Realme, disableWindowAnimation: true, ignoreHiddenApiPolicyError: true, noReset: true, platformName: ANDROID, udid: 2b9bfa58}
at org.openqa.selenium.remote.ProtocolHandshake.createSession(ProtocolHandshake.java:140)
at java.base/jdk.internal.reflect.NativeMethodAccessorImpl.invoke0(Native Method)
at java.base/jdk.internal.reflect.NativeMethodAccessorImpl.invoke(NativeMethodAccessorImpl.java:77)
at java.base/jdk.internal.reflect.DelegatingMethodAccessorImpl.invoke(DelegatingMethodAccessorImpl.java:43)
at java.base/java.lang.reflect.Method.invoke(Method.java:568)
at io.appium.java_client.remote.AppiumProtocolHandshake.createSession(AppiumProtocolHandshake.java:133)
at io.appium.java_client.remote.AppiumProtocolHandshake.createSession(AppiumProtocolHandshake.java:102)
at io.appium.java_client.remote.AppiumCommandExecutor.createSession(AppiumCommandExecutor.java:182)
at io.appium.java_client.remote.AppiumCommandExecutor.execute(AppiumCommandExecutor.java:250)
at org.openqa.selenium.remote.RemoteWebDriver.execute(RemoteWebDriver.java:518)
at io.appium.java_client.AppiumDriver.startSession(AppiumDriver.java:274)
at org.openqa.selenium.remote.RemoteWebDriver.<init>(RemoteWebDriver.java:159)
at io.appium.java_client.AppiumDriver.<init>(AppiumDriver.java:89)
at io.appium.java_client.AppiumDriver.<init>(AppiumDriver.java:101)
at io.appium.java_client.android.AndroidDriver.<init>(AndroidDriver.java:113)
at com.appium.demo.OpenApiDemos.OpenAjioAppInRealme(OpenApiDemos.java:87)
at java.base/jdk.internal.reflect.NativeMethodAccessorImpl.invoke0(Native Method)
at java.base/jdk.internal.reflect.NativeMethodAccessorImpl.invoke(NativeMethodAccessorImpl.java:77)
at java.base/jdk.internal.reflect.DelegatingMethodAccessorImpl.invoke(DelegatingMethodAccessorImpl.java:43)
at java.base/java.lang.reflect.Method.invoke(Method.java:568)
at org.testng.internal.MethodInvocationHelper.invokeMethod(MethodInvocationHelper.java:133)
at org.testng.internal.TestInvoker.invokeMethod(TestInvoker.java:598)
at org.testng.internal.TestInvoker.invokeTestMethod(TestInvoker.java:173)
at org.testng.internal.MethodRunner.runInSequence(MethodRunner.java:46)
at org.testng.internal.TestInvoker$MethodInvocationAgent.invoke(TestInvoker.java:824)
at org.testng.internal.TestInvoker.invokeTestMethods(TestInvoker.java:146)
at org.testng.internal.TestMethodWorker.invokeTestMethods(TestMethodWorker.java:146)
at org.testng.internal.TestMethodWorker.run(TestMethodWorker.java:128)
at java.base/java.util.ArrayList.forEach(ArrayList.java:1511)
at org.testng.TestRunner.privateRun(TestRunner.java:794)
at org.testng.TestRunner.run(TestRunner.java:596)
at org.testng.SuiteRunner.runTest(SuiteRunner.java:377)
at org.testng.SuiteRunner.runSequentially(SuiteRunner.java:371)
at org.testng.SuiteRunner.privateRun(SuiteRunner.java:332)
at org.testng.SuiteRunner.run(SuiteRunner.java:276)
at org.testng.SuiteRunnerWorker.runSuite(SuiteRunnerWorker.java:53)
at org.testng.SuiteRunnerWorker.run(SuiteRunnerWorker.java:96)
at org.testng.TestNG.runSuitesSequentially(TestNG.java:1212)
at org.testng.TestNG.runSuitesLocally(TestNG.java:1134)
at org.testng.TestNG.runSuites(TestNG.java:1063)
at org.testng.TestNG.run(TestNG.java:1031)
at org.testng.remote.AbstractRemoteTestNG.run(AbstractRemoteTestNG.java:115)
at org.testng.remote.RemoteTestNG.initAndRun(RemoteTestNG.java:251)
at org.testng.remote.RemoteTestNG.main(RemoteTestNG.java:77)
]]>
    </error>
  </testcase> <!-- OpenAjioAppInRealme -->
  <system-out/>
</testsuite> <!-- com.appium.demo.OpenApiDemos -->
